{"C:\\Users\\91852\\Documents\\MOSIP_Modules\\Inji-Modules\\Inji-Mock-Services\\truck-pass\\src\\i18.ts": {"path":"C:\\Users\\91852\\Documents\\MOSIP_Modules\\Inji-Modules\\Inji-Mock-Services\\truck-pass\\src\\i18.ts","statementMap":{"0":{"start":{"line":1,"column":0},"end":{"line":1,"column":27}},"1":{"start":{"line":2,"column":0},"end":{"line":2,"column":49}},"2":{"start":{"line":3,"column":0},"end":{"line":3,"column":34}},"3":{"start":{"line":4,"column":0},"end":{"line":4,"column":34}},"4":{"start":{"line":6,"column":0},"end":{"line":18,"column":5}},"5":{"start":{"line":20,"column":0},"end":{"line":20,"column":20}}},"fnMap":{},"branchMap":{},"s":{"0":2,"1":2,"2":2,"3":2,"4":2,"5":2},"f":{},"b":{}}
,"C:\\Users\\91852\\Documents\\MOSIP_Modules\\Inji-Modules\\Inji-Mock-Services\\truck-pass\\src\\_tests_\\mocks\\fileMock.ts": {"path":"C:\\Users\\91852\\Documents\\MOSIP_Modules\\Inji-Modules\\Inji-Mock-Services\\truck-pass\\src\\_tests_\\mocks\\fileMock.ts","statementMap":{"0":{"start":{"line":1,"column":0},"end":{"line":1,"column":31}}},"fnMap":{},"branchMap":{},"s":{"0":7},"f":{},"b":{}}
,"C:\\Users\\91852\\Documents\\MOSIP_Modules\\Inji-Modules\\Inji-Mock-Services\\truck-pass\\src\\_tests_\\mocks\\i18n.ts": {"path":"C:\\Users\\91852\\Documents\\MOSIP_Modules\\Inji-Modules\\Inji-Mock-Services\\truck-pass\\src\\_tests_\\mocks\\i18n.ts","statementMap":{"0":{"start":{"line":1,"column":0},"end":{"line":18,"column":4}},"1":{"start":{"line":1,"column":34},"end":{"line":18,"column":2}},"2":{"start":{"line":3,"column":26},"end":{"line":3,"column":35}},"3":{"start":{"line":4,"column":4},"end":{"line":12,"column":6}},"4":{"start":{"line":5,"column":26},"end":{"line":5,"column":29}},"5":{"start":{"line":8,"column":10},"end":{"line":8,"column":64}}},"fnMap":{"0":{"name":"(anonymous_0)","decl":{"start":{"line":1,"column":27},"end":{"line":1,"column":30}},"loc":{"start":{"line":1,"column":34},"end":{"line":18,"column":2}}},"1":{"name":"(anonymous_1)","decl":{"start":{"line":2,"column":18},"end":{"line":2,"column":21}},"loc":{"start":{"line":2,"column":23},"end":{"line":13,"column":3}}},"2":{"name":"(anonymous_2)","decl":{"start":{"line":5,"column":9},"end":{"line":5,"column":10}},"loc":{"start":{"line":5,"column":26},"end":{"line":5,"column":29}}},"3":{"name":"(anonymous_3)","decl":{"start":{"line":7,"column":32},"end":{"line":7,"column":33}},"loc":{"start":{"line":7,"column":48},"end":{"line":9,"column":9}}},"4":{"name":"(anonymous_4)","decl":{"start":{"line":16,"column":10},"end":{"line":16,"column":13}},"loc":{"start":{"line":16,"column":15},"end":{"line":16,"column":18}}}},"branchMap":{"0":{"loc":{"start":{"line":8,"column":28},"end":{"line":8,"column":63}},"type":"cond-expr","locations":[{"start":{"line":8,"column":43},"end":{"line":8,"column":51}},{"start":{"line":8,"column":54},"end":{"line":8,"column":63}}]}},"s":{"0":10,"1":5,"2":19,"3":19,"4":45,"5":0},"f":{"0":5,"1":19,"2":45,"3":0,"4":2},"b":{"0":[0,0]}}
,"C:\\Users\\91852\\Documents\\MOSIP_Modules\\Inji-Modules\\Inji-Mock-Services\\truck-pass\\src\\_tests_\\mocks\\react-router-dom.ts": {"path":"C:\\Users\\91852\\Documents\\MOSIP_Modules\\Inji-Modules\\Inji-Mock-Services\\truck-pass\\src\\_tests_\\mocks\\react-router-dom.ts","statementMap":{"0":{"start":{"line":3,"column":0},"end":{"line":13,"column":3}},"1":{"start":{"line":4,"column":17},"end":{"line":4,"column":55}},"2":{"start":{"line":6,"column":2},"end":{"line":12,"column":4}},"3":{"start":{"line":9,"column":6},"end":{"line":9,"column":58}},"4":{"start":{"line":10,"column":23},"end":{"line":10,"column":32}},"5":{"start":{"line":11,"column":24},"end":{"line":11,"column":41}},"6":{"start":{"line":1,"column":0},"end":{"line":1,"column":26}}},"fnMap":{"0":{"name":"(anonymous_1)","decl":{"start":{"line":3,"column":30},"end":{"line":3,"column":33}},"loc":{"start":{"line":3,"column":35},"end":{"line":13,"column":1}}},"1":{"name":"(anonymous_2)","decl":{"start":{"line":8,"column":10},"end":{"line":8,"column":11}},"loc":{"start":{"line":9,"column":6},"end":{"line":9,"column":58}}},"2":{"name":"(anonymous_3)","decl":{"start":{"line":10,"column":17},"end":{"line":10,"column":20}},"loc":{"start":{"line":10,"column":23},"end":{"line":10,"column":32}}},"3":{"name":"(anonymous_4)","decl":{"start":{"line":11,"column":17},"end":{"line":11,"column":20}},"loc":{"start":{"line":11,"column":24},"end":{"line":11,"column":41}}}},"branchMap":{},"s":{"0":10,"1":4,"2":4,"3":6,"4":0,"5":0,"6":10},"f":{"0":4,"1":6,"2":0,"3":0},"b":{}}
,"C:\\Users\\91852\\Documents\\MOSIP_Modules\\Inji-Modules\\Inji-Mock-Services\\truck-pass\\src\\commans\\Stepper.tsx": {"path":"C:\\Users\\91852\\Documents\\MOSIP_Modules\\Inji-Modules\\Inji-Mock-Services\\truck-pass\\src\\commans\\Stepper.tsx","statementMap":{"0":{"start":{"line":1,"column":0},"end":{"line":1,"column":26}},"1":{"start":{"line":2,"column":0},"end":{"line":2,"column":58}},"2":{"start":{"line":3,"column":0},"end":{"line":3,"column":48}},"3":{"start":{"line":4,"column":0},"end":{"line":4,"column":47}},"4":{"start":{"line":6,"column":47},"end":{"line":52,"column":1}},"5":{"start":{"line":8,"column":18},"end":{"line":8,"column":34}},"6":{"start":{"line":9,"column":26},"end":{"line":9,"column":39}},"7":{"start":{"line":10,"column":28},"end":{"line":10,"column":47}},"8":{"start":{"line":11,"column":24},"end":{"line":11,"column":45}},"9":{"start":{"line":12,"column":34},"end":{"line":12,"column":52}},"10":{"start":{"line":13,"column":22},"end":{"line":13,"column":40}},"11":{"start":{"line":15,"column":37},"end":{"line":22,"column":null}},"12":{"start":{"line":23,"column":4},"end":{"line":51,"column":null}},"13":{"start":{"line":27,"column":16},"end":{"line":46,"column":null}},"14":{"start":{"line":6,"column":13},"end":{"line":6,"column":47}}},"fnMap":{"0":{"name":"(anonymous_1)","decl":{"start":{"line":6,"column":47},"end":{"line":6,"column":48}},"loc":{"start":{"line":6,"column":153},"end":{"line":52,"column":1}}},"1":{"name":"(anonymous_2)","decl":{"start":{"line":26,"column":42},"end":{"line":26,"column":43}},"loc":{"start":{"line":26,"column":54},"end":{"line":47,"column":13}}}},"branchMap":{"0":{"loc":{"start":{"line":17,"column":65},"end":{"line":17,"column":98}},"type":"binary-expr","locations":[{"start":{"line":17,"column":65},"end":{"line":17,"column":78}},{"start":{"line":17,"column":82},"end":{"line":17,"column":98}}]},"1":{"loc":{"start":{"line":18,"column":67},"end":{"line":18,"column":98}},"type":"binary-expr","locations":[{"start":{"line":18,"column":67},"end":{"line":18,"column":82}},{"start":{"line":18,"column":86},"end":{"line":18,"column":98}}]},"2":{"loc":{"start":{"line":19,"column":64},"end":{"line":19,"column":101}},"type":"binary-expr","locations":[{"start":{"line":19,"column":64},"end":{"line":19,"column":75}},{"start":{"line":19,"column":79},"end":{"line":19,"column":101}}]},"3":{"loc":{"start":{"line":20,"column":69},"end":{"line":20,"column":104}},"type":"binary-expr","locations":[{"start":{"line":20,"column":69},"end":{"line":20,"column":90}},{"start":{"line":20,"column":94},"end":{"line":20,"column":104}}]},"4":{"loc":{"start":{"line":30,"column":29},"end":{"line":32,"column":178}},"type":"cond-expr","locations":[{"start":{"line":31,"column":34},"end":{"line":31,"column":89}},{"start":{"line":32,"column":34},"end":{"line":32,"column":178}}]},"5":{"loc":{"start":{"line":32,"column":85},"end":{"line":32,"column":160}},"type":"cond-expr","locations":[{"start":{"line":32,"column":103},"end":{"line":32,"column":128}},{"start":{"line":32,"column":131},"end":{"line":32,"column":160}}]},"6":{"loc":{"start":{"line":34,"column":100},"end":{"line":34,"column":125}},"type":"binary-expr","locations":[{"start":{"line":34,"column":100},"end":{"line":34,"column":113}},{"start":{"line":34,"column":117},"end":{"line":34,"column":125}}]},"7":{"loc":{"start":{"line":37,"column":64},"end":{"line":37,"column":155}},"type":"cond-expr","locations":[{"start":{"line":37,"column":82},"end":{"line":37,"column":98}},{"start":{"line":37,"column":102},"end":{"line":37,"column":154}}]},"8":{"loc":{"start":{"line":37,"column":102},"end":{"line":37,"column":154}},"type":"cond-expr","locations":[{"start":{"line":37,"column":119},"end":{"line":37,"column":135}},{"start":{"line":37,"column":138},"end":{"line":37,"column":154}}]},"9":{"loc":{"start":{"line":39,"column":29},"end":{"line":41,"column":142}},"type":"cond-expr","locations":[{"start":{"line":40,"column":34},"end":{"line":40,"column":114}},{"start":{"line":41,"column":35},"end":{"line":41,"column":141}}]},"10":{"loc":{"start":{"line":41,"column":35},"end":{"line":41,"column":141}},"type":"cond-expr","locations":[{"start":{"line":41,"column":52},"end":{"line":41,"column":131}},{"start":{"line":41,"column":134},"end":{"line":41,"column":141}}]}},"s":{"0":2,"1":2,"2":2,"3":2,"4":2,"5":4,"6":4,"7":4,"8":4,"9":4,"10":4,"11":4,"12":4,"13":24,"14":2},"f":{"0":4,"1":24},"b":{"0":[4,2],"1":[4,2],"2":[4,2],"3":[4,1],"4":[9,15],"5":[3,12],"6":[24,4],"7":[3,21],"8":[9,12],"9":[3,21],"10":[9,12]}}
,"C:\\Users\\91852\\Documents\\MOSIP_Modules\\Inji-Modules\\Inji-Mock-Services\\truck-pass\\src\\components\\CertificateUploadSection.tsx": {"path":"C:\\Users\\91852\\Documents\\MOSIP_Modules\\Inji-Modules\\Inji-Mock-Services\\truck-pass\\src\\components\\CertificateUploadSection.tsx","statementMap":{"0":{"start":{"line":1,"column":0},"end":{"line":1,"column":58}},"1":{"start":{"line":2,"column":0},"end":{"line":2,"column":62}},"2":{"start":{"line":3,"column":0},"end":{"line":3,"column":58}},"3":{"start":{"line":4,"column":0},"end":{"line":4,"column":64}},"4":{"start":{"line":5,"column":0},"end":{"line":5,"column":50}},"5":{"start":{"line":6,"column":0},"end":{"line":6,"column":47}},"6":{"start":{"line":8,"column":87},"end":{"line":201,"column":1}},"7":{"start":{"line":17,"column":34},"end":{"line":17,"column":46}},"8":{"start":{"line":18,"column":36},"end":{"line":18,"column":51}},"9":{"start":{"line":19,"column":58},"end":{"line":19,"column":72}},"10":{"start":{"line":20,"column":34},"end":{"line":20,"column":45}},"11":{"start":{"line":21,"column":34},"end":{"line":21,"column":45}},"12":{"start":{"line":22,"column":16},"end":{"line":22,"column":32}},"13":{"start":{"line":26,"column":31},"end":{"line":28,"column":3}},"14":{"start":{"line":27,"column":4},"end":{"line":27,"column":52}},"15":{"start":{"line":30,"column":27},"end":{"line":74,"column":3}},"16":{"start":{"line":31,"column":4},"end":{"line":31,"column":32}},"17":{"start":{"line":32,"column":4},"end":{"line":32,"column":19}},"18":{"start":{"line":33,"column":17},"end":{"line":33,"column":58}},"19":{"start":{"line":34,"column":4},"end":{"line":34,"column":22}},"20":{"start":{"line":34,"column":15},"end":{"line":34,"column":22}},"21":{"start":{"line":36,"column":4},"end":{"line":73,"column":5}},"22":{"start":{"line":37,"column":23},"end":{"line":37,"column":32}},"23":{"start":{"line":38,"column":6},"end":{"line":38,"column":48}},"24":{"start":{"line":39,"column":6},"end":{"line":39,"column":31}},"25":{"start":{"line":40,"column":28},"end":{"line":40,"column":68}},"26":{"start":{"line":41,"column":6},"end":{"line":72,"column":7}},"27":{"start":{"line":42,"column":23},"end":{"line":42,"column":39}},"28":{"start":{"line":43,"column":8},"end":{"line":67,"column":10}},"29":{"start":{"line":44,"column":27},"end":{"line":44,"column":53}},"30":{"start":{"line":45,"column":10},"end":{"line":45,"column":29}},"31":{"start":{"line":46,"column":10},"end":{"line":46,"column":40}},"32":{"start":{"line":47,"column":10},"end":{"line":47,"column":32}},"33":{"start":{"line":48,"column":10},"end":{"line":48,"column":34}},"34":{"start":{"line":50,"column":10},"end":{"line":66,"column":16}},"35":{"start":{"line":51,"column":37},"end":{"line":65,"column":19}},"36":{"start":{"line":52,"column":14},"end":{"line":64,"column":17}},"37":{"start":{"line":53,"column":36},"end":{"line":53,"column":45}},"38":{"start":{"line":54,"column":16},"end":{"line":57,"column":17}},"39":{"start":{"line":55,"column":18},"end":{"line":55,"column":50}},"40":{"start":{"line":56,"column":18},"end":{"line":56,"column":38}},"41":{"start":{"line":58,"column":16},"end":{"line":62,"column":17}},"42":{"start":{"line":59,"column":18},"end":{"line":59,"column":50}},"43":{"start":{"line":60,"column":18},"end":{"line":60,"column":38}},"44":{"start":{"line":61,"column":18},"end":{"line":61,"column":40}},"45":{"start":{"line":63,"column":16},"end":{"line":63,"column":35}},"46":{"start":{"line":68,"column":8},"end":{"line":68,"column":35}},"47":{"start":{"line":70,"column":8},"end":{"line":70,"column":30}},"48":{"start":{"line":71,"column":8},"end":{"line":71,"column":66}},"49":{"start":{"line":77,"column":23},"end":{"line":85,"column":3}},"50":{"start":{"line":78,"column":4},"end":{"line":78,"column":20}},"51":{"start":{"line":79,"column":4},"end":{"line":79,"column":19}},"52":{"start":{"line":80,"column":4},"end":{"line":80,"column":24}},"53":{"start":{"line":81,"column":4},"end":{"line":81,"column":29}},"54":{"start":{"line":82,"column":4},"end":{"line":82,"column":22}},"55":{"start":{"line":83,"column":4},"end":{"line":83,"column":33}},"56":{"start":{"line":84,"column":4},"end":{"line":84,"column":27}},"57":{"start":{"line":87,"column":23},"end":{"line":95,"column":3}},"58":{"start":{"line":88,"column":4},"end":{"line":88,"column":33}},"59":{"start":{"line":89,"column":4},"end":{"line":89,"column":19}},"60":{"start":{"line":90,"column":4},"end":{"line":90,"column":24}},"61":{"start":{"line":91,"column":4},"end":{"line":91,"column":20}},"62":{"start":{"line":92,"column":4},"end":{"line":92,"column":29}},"63":{"start":{"line":93,"column":4},"end":{"line":93,"column":22}},"64":{"start":{"line":94,"column":4},"end":{"line":94,"column":27}},"65":{"start":{"line":97,"column":2},"end":{"line":200,"column":4}},"66":{"start":{"line":8,"column":13},"end":{"line":8,"column":87}}},"fnMap":{"0":{"name":"(anonymous_10)","decl":{"start":{"line":8,"column":87},"end":{"line":8,"column":88}},"loc":{"start":{"line":15,"column":5},"end":{"line":201,"column":1}}},"1":{"name":"(anonymous_11)","decl":{"start":{"line":26,"column":31},"end":{"line":26,"column":34}},"loc":{"start":{"line":26,"column":36},"end":{"line":28,"column":3}}},"2":{"name":"(anonymous_12)","decl":{"start":{"line":30,"column":27},"end":{"line":30,"column":28}},"loc":{"start":{"line":30,"column":64},"end":{"line":74,"column":3}}},"3":{"name":"(anonymous_13)","decl":{"start":{"line":43,"column":24},"end":{"line":43,"column":25}},"loc":{"start":{"line":43,"column":30},"end":{"line":67,"column":9}}},"4":{"name":"(anonymous_14)","decl":{"start":{"line":50,"column":21},"end":{"line":50,"column":24}},"loc":{"start":{"line":50,"column":26},"end":{"line":66,"column":11}}},"5":{"name":"(anonymous_15)","decl":{"start":{"line":51,"column":49},"end":{"line":51,"column":52}},"loc":{"start":{"line":51,"column":54},"end":{"line":65,"column":13}}},"6":{"name":"(anonymous_16)","decl":{"start":{"line":52,"column":26},"end":{"line":52,"column":27}},"loc":{"start":{"line":52,"column":35},"end":{"line":64,"column":15}}},"7":{"name":"(anonymous_17)","decl":{"start":{"line":77,"column":23},"end":{"line":77,"column":26}},"loc":{"start":{"line":77,"column":28},"end":{"line":85,"column":3}}},"8":{"name":"(anonymous_18)","decl":{"start":{"line":87,"column":23},"end":{"line":87,"column":26}},"loc":{"start":{"line":87,"column":28},"end":{"line":95,"column":3}}}},"branchMap":{"0":{"loc":{"start":{"line":33,"column":17},"end":{"line":33,"column":58}},"type":"cond-expr","locations":[{"start":{"line":33,"column":34},"end":{"line":33,"column":51}},{"start":{"line":33,"column":54},"end":{"line":33,"column":58}}]},"1":{"loc":{"start":{"line":34,"column":4},"end":{"line":34,"column":22}},"type":"if","locations":[{"start":{"line":34,"column":4},"end":{"line":34,"column":22}},{"start":{},"end":{}}]},"2":{"loc":{"start":{"line":36,"column":4},"end":{"line":73,"column":5}},"type":"if","locations":[{"start":{"line":36,"column":4},"end":{"line":73,"column":5}},{"start":{},"end":{}}]},"3":{"loc":{"start":{"line":41,"column":6},"end":{"line":72,"column":7}},"type":"if","locations":[{"start":{"line":41,"column":6},"end":{"line":72,"column":7}},{"start":{"line":69,"column":13},"end":{"line":72,"column":7}}]},"4":{"loc":{"start":{"line":41,"column":10},"end":{"line":41,"column":115}},"type":"binary-expr","locations":[{"start":{"line":41,"column":10},"end":{"line":41,"column":33}},{"start":{"line":41,"column":37},"end":{"line":41,"column":60}},{"start":{"line":41,"column":64},"end":{"line":41,"column":88}},{"start":{"line":41,"column":92},"end":{"line":41,"column":115}}]},"5":{"loc":{"start":{"line":54,"column":16},"end":{"line":57,"column":17}},"type":"if","locations":[{"start":{"line":54,"column":16},"end":{"line":57,"column":17}},{"start":{},"end":{}}]},"6":{"loc":{"start":{"line":58,"column":16},"end":{"line":62,"column":17}},"type":"if","locations":[{"start":{"line":58,"column":16},"end":{"line":62,"column":17}},{"start":{},"end":{}}]},"7":{"loc":{"start":{"line":99,"column":93},"end":{"line":99,"column":152}},"type":"cond-expr","locations":[{"start":{"line":99,"column":113},"end":{"line":99,"column":131}},{"start":{"line":99,"column":134},"end":{"line":99,"column":152}}]},"8":{"loc":{"start":{"line":100,"column":9},"end":{"line":122,"column":null}},"type":"binary-expr","locations":[{"start":{"line":100,"column":9},"end":{"line":100,"column":28}},{"start":{"line":101,"column":10},"end":{"line":121,"column":null}}]},"9":{"loc":{"start":{"line":125,"column":9},"end":{"line":189,"column":null}},"type":"cond-expr","locations":[{"start":{"line":126,"column":10},"end":{"line":153,"column":null}},{"start":{"line":156,"column":10},"end":{"line":188,"column":null}}]},"10":{"loc":{"start":{"line":125,"column":9},"end":{"line":125,"column":49}},"type":"binary-expr","locations":[{"start":{"line":125,"column":9},"end":{"line":125,"column":27}},{"start":{"line":125,"column":31},"end":{"line":125,"column":49}}]},"11":{"loc":{"start":{"line":133,"column":19},"end":{"line":133,"column":50}},"type":"cond-expr","locations":[{"start":{"line":133,"column":30},"end":{"line":133,"column":38}},{"start":{"line":133,"column":41},"end":{"line":133,"column":50}}]},"12":{"loc":{"start":{"line":156,"column":10},"end":{"line":188,"column":null}},"type":"binary-expr","locations":[{"start":{"line":156,"column":10},"end":{"line":156,"column":27}},{"start":{"line":157,"column":12},"end":{"line":187,"column":null}}]},"13":{"loc":{"start":{"line":164,"column":21},"end":{"line":164,"column":52}},"type":"cond-expr","locations":[{"start":{"line":164,"column":32},"end":{"line":164,"column":40}},{"start":{"line":164,"column":43},"end":{"line":164,"column":52}}]},"14":{"loc":{"start":{"line":191,"column":9},"end":{"line":194,"column":null}},"type":"binary-expr","locations":[{"start":{"line":191,"column":10},"end":{"line":191,"column":28}},{"start":{"line":191,"column":32},"end":{"line":191,"column":49}},{"start":{"line":192,"column":10},"end":{"line":194,"column":null}}]}},"s":{"0":1,"1":1,"2":1,"3":1,"4":1,"5":1,"6":1,"7":8,"8":8,"9":8,"10":8,"11":8,"12":8,"13":8,"14":0,"15":8,"16":0,"17":0,"18":0,"19":0,"20":0,"21":0,"22":0,"23":0,"24":0,"25":0,"26":0,"27":0,"28":0,"29":0,"30":0,"31":0,"32":0,"33":0,"34":0,"35":0,"36":0,"37":0,"38":0,"39":0,"40":0,"41":0,"42":0,"43":0,"44":0,"45":0,"46":0,"47":0,"48":0,"49":8,"50":0,"51":0,"52":0,"53":0,"54":0,"55":0,"56":0,"57":8,"58":0,"59":0,"60":0,"61":0,"62":0,"63":0,"64":0,"65":8,"66":1},"f":{"0":8,"1":0,"2":0,"3":0,"4":0,"5":0,"6":0,"7":0,"8":0},"b":{"0":[0,0],"1":[0,0],"2":[0,0],"3":[0,0],"4":[0,0,0,0],"5":[0,0],"6":[0,0],"7":[1,7],"8":[8,4],"9":[3,5],"10":[8,4],"11":[0,3],"12":[5,1],"13":[0,1],"14":[8,4,4]}}
,"C:\\Users\\91852\\Documents\\MOSIP_Modules\\Inji-Modules\\Inji-Mock-Services\\truck-pass\\src\\components\\NavBar.tsx": {"path":"C:\\Users\\91852\\Documents\\MOSIP_Modules\\Inji-Modules\\Inji-Mock-Services\\truck-pass\\src\\components\\NavBar.tsx","statementMap":{"0":{"start":{"line":1,"column":0},"end":{"line":1,"column":40}},"1":{"start":{"line":2,"column":0},"end":{"line":2,"column":61}},"2":{"start":{"line":3,"column":0},"end":{"line":3,"column":50}},"3":{"start":{"line":4,"column":0},"end":{"line":4,"column":56}},"4":{"start":{"line":5,"column":0},"end":{"line":5,"column":47}},"5":{"start":{"line":6,"column":0},"end":{"line":6,"column":65}},"6":{"start":{"line":8,"column":15},"end":{"line":58,"column":1}},"7":{"start":{"line":10,"column":34},"end":{"line":10,"column":49}},"8":{"start":{"line":11,"column":34},"end":{"line":11,"column":53}},"9":{"start":{"line":13,"column":22},"end":{"line":13,"column":38}},"10":{"start":{"line":15,"column":25},"end":{"line":21,"column":3}},"11":{"start":{"line":16,"column":4},"end":{"line":16,"column":29}},"12":{"start":{"line":17,"column":4},"end":{"line":17,"column":26}},"13":{"start":{"line":18,"column":4},"end":{"line":18,"column":50}},"14":{"start":{"line":19,"column":4},"end":{"line":19,"column":45}},"15":{"start":{"line":20,"column":4},"end":{"line":20,"column":23}},"16":{"start":{"line":23,"column":2},"end":{"line":31,"column":9}},"17":{"start":{"line":24,"column":21},"end":{"line":24,"column":56}},"18":{"start":{"line":25,"column":24},"end":{"line":25,"column":59}},"19":{"start":{"line":27,"column":4},"end":{"line":30,"column":5}},"20":{"start":{"line":28,"column":6},"end":{"line":28,"column":36}},"21":{"start":{"line":29,"column":6},"end":{"line":29,"column":31}},"22":{"start":{"line":34,"column":2},"end":{"line":57,"column":null}},"23":{"start":{"line":44,"column":151},"end":{"line":44,"column":173}},"24":{"start":{"line":48,"column":68},"end":{"line":48,"column":99}},"25":{"start":{"line":49,"column":68},"end":{"line":49,"column":98}},"26":{"start":{"line":60,"column":0},"end":{"line":60,"column":22}}},"fnMap":{"0":{"name":"(anonymous_1)","decl":{"start":{"line":8,"column":15},"end":{"line":8,"column":18}},"loc":{"start":{"line":8,"column":20},"end":{"line":58,"column":1}}},"1":{"name":"(anonymous_2)","decl":{"start":{"line":15,"column":25},"end":{"line":15,"column":26}},"loc":{"start":{"line":15,"column":59},"end":{"line":21,"column":3}}},"2":{"name":"(anonymous_3)","decl":{"start":{"line":23,"column":12},"end":{"line":23,"column":15}},"loc":{"start":{"line":23,"column":17},"end":{"line":31,"column":3}}},"3":{"name":"(anonymous_4)","decl":{"start":{"line":44,"column":145},"end":{"line":44,"column":148}},"loc":{"start":{"line":44,"column":151},"end":{"line":44,"column":173}}},"4":{"name":"(anonymous_5)","decl":{"start":{"line":48,"column":62},"end":{"line":48,"column":65}},"loc":{"start":{"line":48,"column":68},"end":{"line":48,"column":99}}},"5":{"name":"(anonymous_6)","decl":{"start":{"line":49,"column":62},"end":{"line":49,"column":65}},"loc":{"start":{"line":49,"column":68},"end":{"line":49,"column":98}}}},"branchMap":{"0":{"loc":{"start":{"line":27,"column":4},"end":{"line":30,"column":5}},"type":"if","locations":[{"start":{"line":27,"column":4},"end":{"line":30,"column":5}},{"start":{},"end":{}}]},"1":{"loc":{"start":{"line":27,"column":8},"end":{"line":27,"column":31}},"type":"binary-expr","locations":[{"start":{"line":27,"column":8},"end":{"line":27,"column":16}},{"start":{"line":27,"column":20},"end":{"line":27,"column":31}}]},"2":{"loc":{"start":{"line":44,"column":80},"end":{"line":44,"column":104}},"type":"binary-expr","locations":[{"start":{"line":44,"column":80},"end":{"line":44,"column":88}},{"start":{"line":44,"column":92},"end":{"line":44,"column":104}}]},"3":{"loc":{"start":{"line":45,"column":13},"end":{"line":50,"column":null}},"type":"binary-expr","locations":[{"start":{"line":45,"column":13},"end":{"line":45,"column":21}},{"start":{"line":47,"column":16},"end":{"line":49,"column":null}}]}},"s":{"0":1,"1":1,"2":1,"3":1,"4":1,"5":1,"6":1,"7":6,"8":6,"9":6,"10":6,"11":0,"12":0,"13":0,"14":0,"15":0,"16":6,"17":4,"18":4,"19":4,"20":0,"21":0,"22":6,"23":2,"24":0,"25":0,"26":1},"f":{"0":6,"1":0,"2":4,"3":2,"4":0,"5":0},"b":{"0":[0,4],"1":[4,0],"2":[6,2],"3":[6,2]}}
,"C:\\Users\\91852\\Documents\\MOSIP_Modules\\Inji-Modules\\Inji-Mock-Services\\truck-pass\\src\\components\\SuccessPopup.tsx": {"path":"C:\\Users\\91852\\Documents\\MOSIP_Modules\\Inji-Modules\\Inji-Mock-Services\\truck-pass\\src\\components\\SuccessPopup.tsx","statementMap":{"0":{"start":{"line":1,"column":0},"end":{"line":1,"column":26}},"1":{"start":{"line":2,"column":0},"end":{"line":2,"column":48}},"2":{"start":{"line":3,"column":0},"end":{"line":3,"column":50}},"3":{"start":{"line":4,"column":0},"end":{"line":4,"column":47}},"4":{"start":{"line":6,"column":57},"end":{"line":22,"column":1}},"5":{"start":{"line":8,"column":18},"end":{"line":8,"column":34}},"6":{"start":{"line":10,"column":4},"end":{"line":21,"column":null}},"7":{"start":{"line":17,"column":80},"end":{"line":17,"column":106}},"8":{"start":{"line":6,"column":13},"end":{"line":6,"column":57}}},"fnMap":{"0":{"name":"(anonymous_1)","decl":{"start":{"line":6,"column":57},"end":{"line":6,"column":58}},"loc":{"start":{"line":6,"column":103},"end":{"line":22,"column":1}}},"1":{"name":"(anonymous_2)","decl":{"start":{"line":17,"column":74},"end":{"line":17,"column":77}},"loc":{"start":{"line":17,"column":80},"end":{"line":17,"column":106}}}},"branchMap":{"0":{"loc":{"start":{"line":11,"column":120},"end":{"line":11,"column":177}},"type":"cond-expr","locations":[{"start":{"line":11,"column":139},"end":{"line":11,"column":155}},{"start":{"line":11,"column":158},"end":{"line":11,"column":177}}]}},"s":{"0":2,"1":2,"2":2,"3":2,"4":2,"5":5,"6":5,"7":1,"8":2},"f":{"0":5,"1":1},"b":{"0":[4,1]}}
,"C:\\Users\\91852\\Documents\\MOSIP_Modules\\Inji-Modules\\Inji-Mock-Services\\truck-pass\\src\\pages\\driverRegistration\\ConfirmationPage.tsx": {"path":"C:\\Users\\91852\\Documents\\MOSIP_Modules\\Inji-Modules\\Inji-Mock-Services\\truck-pass\\src\\pages\\driverRegistration\\ConfirmationPage.tsx","statementMap":{"0":{"start":{"line":1,"column":0},"end":{"line":1,"column":51}},"1":{"start":{"line":2,"column":0},"end":{"line":2,"column":47}},"2":{"start":{"line":3,"column":0},"end":{"line":3,"column":67}},"3":{"start":{"line":4,"column":0},"end":{"line":4,"column":47}},"4":{"start":{"line":5,"column":0},"end":{"line":5,"column":61}},"5":{"start":{"line":6,"column":0},"end":{"line":6,"column":48}},"6":{"start":{"line":8,"column":65},"end":{"line":123,"column":1}},"7":{"start":{"line":9,"column":19},"end":{"line":9,"column":32}},"8":{"start":{"line":10,"column":16},"end":{"line":10,"column":32}},"9":{"start":{"line":11,"column":50},"end":{"line":11,"column":65}},"10":{"start":{"line":12,"column":56},"end":{"line":12,"column":98}},"11":{"start":{"line":13,"column":46},"end":{"line":13,"column":83}},"12":{"start":{"line":15,"column":2},"end":{"line":32,"column":9}},"13":{"start":{"line":16,"column":4},"end":{"line":31,"column":5}},"14":{"start":{"line":17,"column":22},"end":{"line":17,"column":59}},"15":{"start":{"line":18,"column":30},"end":{"line":18,"column":75}},"16":{"start":{"line":20,"column":6},"end":{"line":23,"column":7}},"17":{"start":{"line":21,"column":30},"end":{"line":21,"column":49}},"18":{"start":{"line":22,"column":8},"end":{"line":22,"column":65}},"19":{"start":{"line":22,"column":27},"end":{"line":22,"column":65}},"20":{"start":{"line":25,"column":6},"end":{"line":28,"column":7}},"21":{"start":{"line":26,"column":34},"end":{"line":26,"column":61}},"22":{"start":{"line":27,"column":8},"end":{"line":27,"column":68}},"23":{"start":{"line":27,"column":31},"end":{"line":27,"column":68}},"24":{"start":{"line":30,"column":6},"end":{"line":30,"column":63}},"25":{"start":{"line":34,"column":33},"end":{"line":36,"column":3}},"26":{"start":{"line":35,"column":4},"end":{"line":35,"column":29}},"27":{"start":{"line":38,"column":2},"end":{"line":122,"column":4}},"28":{"start":{"line":101,"column":18},"end":{"line":101,"column":32}},"29":{"start":{"line":8,"column":13},"end":{"line":8,"column":65}}},"fnMap":{"0":{"name":"(anonymous_10)","decl":{"start":{"line":8,"column":65},"end":{"line":8,"column":68}},"loc":{"start":{"line":8,"column":70},"end":{"line":123,"column":1}}},"1":{"name":"(anonymous_11)","decl":{"start":{"line":15,"column":12},"end":{"line":15,"column":15}},"loc":{"start":{"line":15,"column":17},"end":{"line":32,"column":3}}},"2":{"name":"(anonymous_12)","decl":{"start":{"line":34,"column":33},"end":{"line":34,"column":36}},"loc":{"start":{"line":34,"column":38},"end":{"line":36,"column":3}}},"3":{"name":"(anonymous_13)","decl":{"start":{"line":100,"column":22},"end":{"line":100,"column":23}},"loc":{"start":{"line":101,"column":18},"end":{"line":101,"column":32}}}},"branchMap":{"0":{"loc":{"start":{"line":20,"column":6},"end":{"line":23,"column":7}},"type":"if","locations":[{"start":{"line":20,"column":6},"end":{"line":23,"column":7}},{"start":{},"end":{}}]},"1":{"loc":{"start":{"line":22,"column":8},"end":{"line":22,"column":65}},"type":"if","locations":[{"start":{"line":22,"column":8},"end":{"line":22,"column":65}},{"start":{},"end":{}}]},"2":{"loc":{"start":{"line":25,"column":6},"end":{"line":28,"column":7}},"type":"if","locations":[{"start":{"line":25,"column":6},"end":{"line":28,"column":7}},{"start":{},"end":{}}]},"3":{"loc":{"start":{"line":27,"column":8},"end":{"line":27,"column":68}},"type":"if","locations":[{"start":{"line":27,"column":8},"end":{"line":27,"column":68}},{"start":{},"end":{}}]},"4":{"loc":{"start":{"line":40,"column":7},"end":{"line":44,"column":null}},"type":"binary-expr","locations":[{"start":{"line":40,"column":7},"end":{"line":40,"column":23}},{"start":{"line":41,"column":8},"end":{"line":43,"column":null}}]},"5":{"loc":{"start":{"line":67,"column":15},"end":{"line":72,"column":null}},"type":"binary-expr","locations":[{"start":{"line":67,"column":15},"end":{"line":67,"column":44}},{"start":{"line":68,"column":16},"end":{"line":71,"column":null}}]},"6":{"loc":{"start":{"line":80,"column":32},"end":{"line":80,"column":67}},"type":"binary-expr","locations":[{"start":{"line":80,"column":32},"end":{"line":80,"column":61}},{"start":{"line":80,"column":65},"end":{"line":80,"column":67}}]},"7":{"loc":{"start":{"line":105,"column":55},"end":{"line":105,"column":67}},"type":"binary-expr","locations":[{"start":{"line":105,"column":55},"end":{"line":105,"column":60}},{"start":{"line":105,"column":64},"end":{"line":105,"column":67}}]}},"s":{"0":1,"1":1,"2":1,"3":1,"4":1,"5":1,"6":1,"7":0,"8":0,"9":0,"10":0,"11":0,"12":0,"13":0,"14":0,"15":0,"16":0,"17":0,"18":0,"19":0,"20":0,"21":0,"22":0,"23":0,"24":0,"25":0,"26":0,"27":0,"28":0,"29":1},"f":{"0":0,"1":0,"2":0,"3":0},"b":{"0":[0,0],"1":[0,0],"2":[0,0],"3":[0,0],"4":[0,0],"5":[0,0],"6":[0,0],"7":[0,0]}}
,"C:\\Users\\91852\\Documents\\MOSIP_Modules\\Inji-Modules\\Inji-Mock-Services\\truck-pass\\src\\pages\\driverRegistration\\ConsentAndAgreementPage.tsx": {"path":"C:\\Users\\91852\\Documents\\MOSIP_Modules\\Inji-Modules\\Inji-Mock-Services\\truck-pass\\src\\pages\\driverRegistration\\ConsentAndAgreementPage.tsx","statementMap":{"0":{"start":{"line":1,"column":0},"end":{"line":1,"column":33}},"1":{"start":{"line":2,"column":0},"end":{"line":2,"column":61}},"2":{"start":{"line":3,"column":0},"end":{"line":3,"column":47}},"3":{"start":{"line":4,"column":0},"end":{"line":4,"column":47}},"4":{"start":{"line":5,"column":0},"end":{"line":5,"column":48}},"5":{"start":{"line":7,"column":79},"end":{"line":61,"column":1}},"6":{"start":{"line":9,"column":18},"end":{"line":9,"column":34}},"7":{"start":{"line":10,"column":21},"end":{"line":10,"column":34}},"8":{"start":{"line":11,"column":36},"end":{"line":11,"column":51}},"9":{"start":{"line":12,"column":46},"end":{"line":12,"column":61}},"10":{"start":{"line":15,"column":32},"end":{"line":18,"column":5}},"11":{"start":{"line":16,"column":8},"end":{"line":16,"column":31}},"12":{"start":{"line":17,"column":8},"end":{"line":17,"column":69}},"13":{"start":{"line":20,"column":4},"end":{"line":60,"column":null}},"14":{"start":{"line":42,"column":105},"end":{"line":42,"column":127}},"15":{"start":{"line":7,"column":13},"end":{"line":7,"column":79}}},"fnMap":{"0":{"name":"(anonymous_1)","decl":{"start":{"line":7,"column":79},"end":{"line":7,"column":80}},"loc":{"start":{"line":7,"column":87},"end":{"line":61,"column":1}}},"1":{"name":"(anonymous_2)","decl":{"start":{"line":15,"column":32},"end":{"line":15,"column":35}},"loc":{"start":{"line":15,"column":37},"end":{"line":18,"column":5}}},"2":{"name":"(anonymous_3)","decl":{"start":{"line":42,"column":99},"end":{"line":42,"column":102}},"loc":{"start":{"line":42,"column":105},"end":{"line":42,"column":127}}}},"branchMap":{"0":{"loc":{"start":{"line":55,"column":34},"end":{"line":55,"column":106}},"type":"cond-expr","locations":[{"start":{"line":55,"column":45},"end":{"line":55,"column":74}},{"start":{"line":55,"column":77},"end":{"line":55,"column":106}}]}},"s":{"0":1,"1":1,"2":1,"3":1,"4":1,"5":1,"6":8,"7":8,"8":8,"9":8,"10":8,"11":1,"12":1,"13":8,"14":2,"15":1},"f":{"0":8,"1":1,"2":2},"b":{"0":[3,5]}}
,"C:\\Users\\91852\\Documents\\MOSIP_Modules\\Inji-Modules\\Inji-Mock-Services\\truck-pass\\src\\pages\\driverRegistration\\DriverRegistrationProcess.tsx": {"path":"C:\\Users\\91852\\Documents\\MOSIP_Modules\\Inji-Modules\\Inji-Mock-Services\\truck-pass\\src\\pages\\driverRegistration\\DriverRegistrationProcess.tsx","statementMap":{"0":{"start":{"line":1,"column":0},"end":{"line":1,"column":41}},"1":{"start":{"line":2,"column":0},"end":{"line":2,"column":77}},"2":{"start":{"line":3,"column":0},"end":{"line":3,"column":47}},"3":{"start":{"line":5,"column":76},"end":{"line":38,"column":1}},"4":{"start":{"line":7,"column":22},"end":{"line":7,"column":38}},"5":{"start":{"line":9,"column":2},"end":{"line":15,"column":9}},"6":{"start":{"line":10,"column":21},"end":{"line":10,"column":56}},"7":{"start":{"line":12,"column":4},"end":{"line":14,"column":5}},"8":{"start":{"line":13,"column":6},"end":{"line":13,"column":36}},"9":{"start":{"line":17,"column":2},"end":{"line":37,"column":null}},"10":{"start":{"line":40,"column":0},"end":{"line":40,"column":41}}},"fnMap":{"0":{"name":"(anonymous_9)","decl":{"start":{"line":5,"column":76},"end":{"line":5,"column":77}},"loc":{"start":{"line":5,"column":93},"end":{"line":38,"column":1}}},"1":{"name":"(anonymous_10)","decl":{"start":{"line":9,"column":12},"end":{"line":9,"column":15}},"loc":{"start":{"line":9,"column":17},"end":{"line":15,"column":3}}}},"branchMap":{"0":{"loc":{"start":{"line":12,"column":4},"end":{"line":14,"column":5}},"type":"if","locations":[{"start":{"line":12,"column":4},"end":{"line":14,"column":5}},{"start":{},"end":{}}]}},"s":{"0":1,"1":1,"2":1,"3":1,"4":1,"5":1,"6":1,"7":1,"8":0,"9":1,"10":1},"f":{"0":1,"1":1},"b":{"0":[0,1]}}
,"C:\\Users\\91852\\Documents\\MOSIP_Modules\\Inji-Modules\\Inji-Mock-Services\\truck-pass\\src\\pages\\driverRegistration\\LandingPage.tsx": {"path":"C:\\Users\\91852\\Documents\\MOSIP_Modules\\Inji-Modules\\Inji-Mock-Services\\truck-pass\\src\\pages\\driverRegistration\\LandingPage.tsx","statementMap":{"0":{"start":{"line":1,"column":0},"end":{"line":1,"column":47}},"1":{"start":{"line":2,"column":0},"end":{"line":2,"column":67}},"2":{"start":{"line":3,"column":0},"end":{"line":3,"column":69}},"3":{"start":{"line":4,"column":0},"end":{"line":4,"column":65}},"4":{"start":{"line":5,"column":0},"end":{"line":5,"column":79}},"5":{"start":{"line":6,"column":0},"end":{"line":6,"column":79}},"6":{"start":{"line":7,"column":0},"end":{"line":7,"column":65}},"7":{"start":{"line":8,"column":0},"end":{"line":8,"column":77}},"8":{"start":{"line":9,"column":0},"end":{"line":9,"column":53}},"9":{"start":{"line":10,"column":0},"end":{"line":10,"column":47}},"10":{"start":{"line":14,"column":20},"end":{"line":95,"column":1}},"11":{"start":{"line":16,"column":19},"end":{"line":16,"column":32}},"12":{"start":{"line":17,"column":16},"end":{"line":17,"column":32}},"13":{"start":{"line":19,"column":35},"end":{"line":21,"column":3}},"14":{"start":{"line":20,"column":4},"end":{"line":20,"column":71}},"15":{"start":{"line":23,"column":29},"end":{"line":28,"column":null}},"16":{"start":{"line":30,"column":2},"end":{"line":94,"column":null}},"17":{"start":{"line":73,"column":14},"end":{"line":79,"column":null}},"18":{"start":{"line":97,"column":0},"end":{"line":97,"column":null}}},"fnMap":{"0":{"name":"(anonymous_1)","decl":{"start":{"line":14,"column":20},"end":{"line":14,"column":23}},"loc":{"start":{"line":14,"column":25},"end":{"line":95,"column":1}}},"1":{"name":"(anonymous_2)","decl":{"start":{"line":19,"column":35},"end":{"line":19,"column":38}},"loc":{"start":{"line":19,"column":40},"end":{"line":21,"column":3}}},"2":{"name":"(anonymous_3)","decl":{"start":{"line":72,"column":36},"end":{"line":72,"column":37}},"loc":{"start":{"line":72,"column":52},"end":{"line":80,"column":13}}}},"branchMap":{},"s":{"0":1,"1":1,"2":1,"3":1,"4":1,"5":1,"6":1,"7":1,"8":1,"9":1,"10":1,"11":0,"12":0,"13":0,"14":0,"15":0,"16":0,"17":0,"18":1},"f":{"0":0,"1":0,"2":0},"b":{}}
,"C:\\Users\\91852\\Documents\\MOSIP_Modules\\Inji-Modules\\Inji-Mock-Services\\truck-pass\\src\\shared\\DriverRegistrationFlow.tsx": {"path":"C:\\Users\\91852\\Documents\\MOSIP_Modules\\Inji-Modules\\Inji-Mock-Services\\truck-pass\\src\\shared\\DriverRegistrationFlow.tsx","statementMap":{"0":{"start":{"line":1,"column":0},"end":{"line":1,"column":26}},"1":{"start":{"line":3,"column":77},"end":{"line":9,"column":1}},"2":{"start":{"line":4,"column":4},"end":{"line":8,"column":null}},"3":{"start":{"line":3,"column":13},"end":{"line":3,"column":77}}},"fnMap":{"0":{"name":"(anonymous_1)","decl":{"start":{"line":3,"column":77},"end":{"line":3,"column":78}},"loc":{"start":{"line":3,"column":94},"end":{"line":9,"column":1}}}},"branchMap":{},"s":{"0":1,"1":1,"2":1,"3":1},"f":{"0":1},"b":{}}
,"C:\\Users\\91852\\Documents\\MOSIP_Modules\\Inji-Modules\\Inji-Mock-Services\\truck-pass\\src\\shared\\AppMainLayout.tsx": {"path":"C:\\Users\\91852\\Documents\\MOSIP_Modules\\Inji-Modules\\Inji-Mock-Services\\truck-pass\\src\\shared\\AppMainLayout.tsx","statementMap":{"0":{"start":{"line":1,"column":0},"end":{"line":1,"column":26}},"1":{"start":{"line":2,"column":0},"end":{"line":2,"column":42}},"2":{"start":{"line":4,"column":82},"end":{"line":11,"column":1}},"3":{"start":{"line":5,"column":2},"end":{"line":10,"column":null}},"4":{"start":{"line":17,"column":0},"end":{"line":17,"column":null}}},"fnMap":{"0":{"name":"(anonymous_1)","decl":{"start":{"line":4,"column":82},"end":{"line":4,"column":83}},"loc":{"start":{"line":4,"column":99},"end":{"line":11,"column":1}}}},"branchMap":{},"s":{"0":1,"1":1,"2":1,"3":1,"4":1},"f":{"0":1},"b":{}}
}
