TN:
SF:src\i18.ts
FNF:0
FNH:0
DA:1,2
DA:2,2
DA:3,2
DA:4,2
DA:6,2
DA:20,2
LF:6
LH:6
BRF:0
BRH:0
end_of_record
TN:
SF:src\_tests_\mocks\fileMock.ts
FNF:0
FNH:0
DA:1,7
LF:1
LH:1
BRF:0
BRH:0
end_of_record
TN:
SF:src\_tests_\mocks\i18n.ts
FN:1,(anonymous_0)
FN:2,(anonymous_1)
FN:5,(anonymous_2)
FN:7,(anonymous_3)
FN:16,(anonymous_4)
FNF:5
FNH:4
FNDA:5,(anonymous_0)
FNDA:19,(anonymous_1)
FNDA:45,(anonymous_2)
FNDA:0,(anonymous_3)
FNDA:2,(anonymous_4)
DA:1,10
DA:3,19
DA:4,19
DA:5,45
DA:8,0
LF:5
LH:4
BRDA:8,0,0,0
BRDA:8,0,1,0
BRF:2
BRH:0
end_of_record
TN:
SF:src\_tests_\mocks\react-router-dom.ts
FN:3,(anonymous_1)
FN:8,(anonymous_2)
FN:10,(anonymous_3)
FN:11,(anonymous_4)
FNF:4
FNH:2
FNDA:4,(anonymous_1)
FNDA:6,(anonymous_2)
FNDA:0,(anonymous_3)
FNDA:0,(anonymous_4)
DA:1,10
DA:3,10
DA:4,4
DA:6,4
DA:9,6
DA:10,0
DA:11,0
LF:7
LH:5
BRF:0
BRH:0
end_of_record
TN:
SF:src\commans\Stepper.tsx
FN:6,(anonymous_1)
FN:26,(anonymous_2)
FNF:2
FNH:2
FNDA:4,(anonymous_1)
FNDA:24,(anonymous_2)
DA:1,2
DA:2,2
DA:3,2
DA:4,2
DA:6,2
DA:8,4
DA:9,4
DA:10,4
DA:11,4
DA:12,4
DA:13,4
DA:15,4
DA:23,4
DA:27,24
LF:14
LH:14
BRDA:17,0,0,4
BRDA:17,0,1,2
BRDA:18,1,0,4
BRDA:18,1,1,2
BRDA:19,2,0,4
BRDA:19,2,1,2
BRDA:20,3,0,4
BRDA:20,3,1,1
BRDA:30,4,0,9
BRDA:30,4,1,15
BRDA:32,5,0,3
BRDA:32,5,1,12
BRDA:34,6,0,24
BRDA:34,6,1,4
BRDA:37,7,0,3
BRDA:37,7,1,21
BRDA:37,8,0,9
BRDA:37,8,1,12
BRDA:39,9,0,3
BRDA:39,9,1,21
BRDA:41,10,0,9
BRDA:41,10,1,12
BRF:22
BRH:22
end_of_record
TN:
SF:src\components\CertificateUploadSection.tsx
FN:8,(anonymous_10)
FN:26,(anonymous_11)
FN:30,(anonymous_12)
FN:43,(anonymous_13)
FN:50,(anonymous_14)
FN:51,(anonymous_15)
FN:52,(anonymous_16)
FN:77,(anonymous_17)
FN:87,(anonymous_18)
FNF:9
FNH:1
FNDA:8,(anonymous_10)
FNDA:0,(anonymous_11)
FNDA:0,(anonymous_12)
FNDA:0,(anonymous_13)
FNDA:0,(anonymous_14)
FNDA:0,(anonymous_15)
FNDA:0,(anonymous_16)
FNDA:0,(anonymous_17)
FNDA:0,(anonymous_18)
DA:1,1
DA:2,1
DA:3,1
DA:4,1
DA:5,1
DA:6,1
DA:8,1
DA:17,8
DA:18,8
DA:19,8
DA:20,8
DA:21,8
DA:22,8
DA:26,8
DA:27,0
DA:30,8
DA:31,0
DA:32,0
DA:33,0
DA:34,0
DA:36,0
DA:37,0
DA:38,0
DA:39,0
DA:40,0
DA:41,0
DA:42,0
DA:43,0
DA:44,0
DA:45,0
DA:46,0
DA:47,0
DA:48,0
DA:50,0
DA:51,0
DA:52,0
DA:53,0
DA:54,0
DA:55,0
DA:56,0
DA:58,0
DA:59,0
DA:60,0
DA:61,0
DA:63,0
DA:68,0
DA:70,0
DA:71,0
DA:77,8
DA:78,0
DA:79,0
DA:80,0
DA:81,0
DA:82,0
DA:83,0
DA:84,0
DA:87,8
DA:88,0
DA:89,0
DA:90,0
DA:91,0
DA:92,0
DA:93,0
DA:94,0
DA:97,8
LF:65
LH:18
BRDA:33,0,0,0
BRDA:33,0,1,0
BRDA:34,1,0,0
BRDA:34,1,1,0
BRDA:36,2,0,0
BRDA:36,2,1,0
BRDA:41,3,0,0
BRDA:41,3,1,0
BRDA:41,4,0,0
BRDA:41,4,1,0
BRDA:41,4,2,0
BRDA:41,4,3,0
BRDA:54,5,0,0
BRDA:54,5,1,0
BRDA:58,6,0,0
BRDA:58,6,1,0
BRDA:99,7,0,1
BRDA:99,7,1,7
BRDA:100,8,0,8
BRDA:100,8,1,4
BRDA:125,9,0,3
BRDA:125,9,1,5
BRDA:125,10,0,8
BRDA:125,10,1,4
BRDA:133,11,0,0
BRDA:133,11,1,3
BRDA:156,12,0,5
BRDA:156,12,1,1
BRDA:164,13,0,0
BRDA:164,13,1,1
BRDA:191,14,0,8
BRDA:191,14,1,4
BRDA:191,14,2,4
BRF:33
BRH:15
end_of_record
TN:
SF:src\components\NavBar.tsx
FN:8,(anonymous_1)
FN:15,(anonymous_2)
FN:23,(anonymous_3)
FN:44,(anonymous_4)
FN:48,(anonymous_5)
FN:49,(anonymous_6)
FNF:6
FNH:3
FNDA:6,(anonymous_1)
FNDA:0,(anonymous_2)
FNDA:4,(anonymous_3)
FNDA:2,(anonymous_4)
FNDA:0,(anonymous_5)
FNDA:0,(anonymous_6)
DA:1,1
DA:2,1
DA:3,1
DA:4,1
DA:5,1
DA:6,1
DA:8,1
DA:10,6
DA:11,6
DA:13,6
DA:15,6
DA:16,0
DA:17,0
DA:18,0
DA:19,0
DA:20,0
DA:23,6
DA:24,4
DA:25,4
DA:27,4
DA:28,0
DA:29,0
DA:34,6
DA:44,2
DA:48,0
DA:49,0
DA:60,1
LF:27
LH:18
BRDA:27,0,0,0
BRDA:27,0,1,4
BRDA:27,1,0,4
BRDA:27,1,1,0
BRDA:44,2,0,6
BRDA:44,2,1,2
BRDA:45,3,0,6
BRDA:45,3,1,2
BRF:8
BRH:6
end_of_record
TN:
SF:src\components\SuccessPopup.tsx
FN:6,(anonymous_1)
FN:17,(anonymous_2)
FNF:2
FNH:2
FNDA:5,(anonymous_1)
FNDA:1,(anonymous_2)
DA:1,2
DA:2,2
DA:3,2
DA:4,2
DA:6,2
DA:8,5
DA:10,5
DA:17,1
LF:8
LH:8
BRDA:11,0,0,4
BRDA:11,0,1,1
BRF:2
BRH:2
end_of_record
TN:
SF:src\pages\driverRegistration\ConfirmationPage.tsx
FN:8,(anonymous_10)
FN:15,(anonymous_11)
FN:34,(anonymous_12)
FN:100,(anonymous_13)
FNF:4
FNH:0
FNDA:0,(anonymous_10)
FNDA:0,(anonymous_11)
FNDA:0,(anonymous_12)
FNDA:0,(anonymous_13)
DA:1,1
DA:2,1
DA:3,1
DA:4,1
DA:5,1
DA:6,1
DA:8,1
DA:9,0
DA:10,0
DA:11,0
DA:12,0
DA:13,0
DA:15,0
DA:16,0
DA:17,0
DA:18,0
DA:20,0
DA:21,0
DA:22,0
DA:25,0
DA:26,0
DA:27,0
DA:30,0
DA:34,0
DA:35,0
DA:38,0
DA:101,0
LF:27
LH:7
BRDA:20,0,0,0
BRDA:20,0,1,0
BRDA:22,1,0,0
BRDA:22,1,1,0
BRDA:25,2,0,0
BRDA:25,2,1,0
BRDA:27,3,0,0
BRDA:27,3,1,0
BRDA:40,4,0,0
BRDA:40,4,1,0
BRDA:67,5,0,0
BRDA:67,5,1,0
BRDA:80,6,0,0
BRDA:80,6,1,0
BRDA:105,7,0,0
BRDA:105,7,1,0
BRF:16
BRH:0
end_of_record
TN:
SF:src\pages\driverRegistration\ConsentAndAgreementPage.tsx
FN:7,(anonymous_1)
FN:15,(anonymous_2)
FN:42,(anonymous_3)
FNF:3
FNH:3
FNDA:8,(anonymous_1)
FNDA:1,(anonymous_2)
FNDA:2,(anonymous_3)
DA:1,1
DA:2,1
DA:3,1
DA:4,1
DA:5,1
DA:7,1
DA:9,8
DA:10,8
DA:11,8
DA:12,8
DA:15,8
DA:16,1
DA:17,1
DA:20,8
DA:42,2
LF:15
LH:15
BRDA:55,0,0,3
BRDA:55,0,1,5
BRF:2
BRH:2
end_of_record
TN:
SF:src\pages\driverRegistration\DriverRegistrationProcess.tsx
FN:5,(anonymous_9)
FN:9,(anonymous_10)
FNF:2
FNH:2
FNDA:1,(anonymous_9)
FNDA:1,(anonymous_10)
DA:1,1
DA:2,1
DA:3,1
DA:5,1
DA:7,1
DA:9,1
DA:10,1
DA:12,1
DA:13,0
DA:17,1
DA:40,1
LF:11
LH:10
BRDA:12,0,0,0
BRDA:12,0,1,1
BRF:2
BRH:1
end_of_record
TN:
SF:src\pages\driverRegistration\LandingPage.tsx
FN:14,(anonymous_1)
FN:19,(anonymous_2)
FN:72,(anonymous_3)
FNF:3
FNH:0
FNDA:0,(anonymous_1)
FNDA:0,(anonymous_2)
FNDA:0,(anonymous_3)
DA:1,1
DA:2,1
DA:3,1
DA:4,1
DA:5,1
DA:6,1
DA:7,1
DA:8,1
DA:9,1
DA:10,1
DA:14,1
DA:16,0
DA:17,0
DA:19,0
DA:20,0
DA:23,0
DA:30,0
DA:73,0
DA:97,1
LF:19
LH:12
BRF:0
BRH:0
end_of_record
TN:
SF:src\shared\DriverRegistrationFlow.tsx
FN:3,(anonymous_1)
FNF:1
FNH:1
FNDA:1,(anonymous_1)
DA:1,1
DA:3,1
DA:4,1
LF:3
LH:3
BRF:0
BRH:0
end_of_record
TN:
SF:src\shared\DriverRegistrationMainLayout.tsx
FN:4,(anonymous_1)
FNF:1
FNH:1
FNDA:1,(anonymous_1)
DA:1,1
DA:2,1
DA:4,1
DA:5,1
DA:17,1
LF:5
LH:5
BRF:0
BRH:0
end_of_record
